[2025-07-07T20:26:11.025+0000] {processor.py:157} INFO - Started process (PID=167) to work on /opt/airflow/dags/dag.py
[2025-07-07T20:26:11.028+0000] {processor.py:829} INFO - Processing file /opt/airflow/dags/dag.py for tasks to queue
[2025-07-07T20:26:11.033+0000] {logging_mixin.py:151} INFO - [2025-07-07T20:26:11.033+0000] {dagbag.py:539} INFO - Filling up the DagBag from /opt/airflow/dags/dag.py
[2025-07-07T20:26:11.065+0000] {processor.py:839} INFO - DAG(s) dict_keys(['axone_fb_etl_pipeline']) retrieved from /opt/airflow/dags/dag.py
[2025-07-07T20:26:11.102+0000] {logging_mixin.py:151} INFO - [2025-07-07T20:26:11.101+0000] {dag.py:2915} INFO - Sync 1 DAGs
[2025-07-07T20:26:11.141+0000] {logging_mixin.py:151} INFO - [2025-07-07T20:26:11.141+0000] {dag.py:3696} INFO - Setting next_dagrun for axone_fb_etl_pipeline to 2025-07-07T00:00:00+00:00, run_after=2025-07-08T00:00:00+00:00
[2025-07-07T20:26:11.181+0000] {processor.py:179} INFO - Processing /opt/airflow/dags/dag.py took 0.160 seconds
[2025-07-07T20:26:41.353+0000] {processor.py:157} INFO - Started process (PID=172) to work on /opt/airflow/dags/dag.py
[2025-07-07T20:26:41.355+0000] {processor.py:829} INFO - Processing file /opt/airflow/dags/dag.py for tasks to queue
[2025-07-07T20:26:41.356+0000] {logging_mixin.py:151} INFO - [2025-07-07T20:26:41.356+0000] {dagbag.py:539} INFO - Filling up the DagBag from /opt/airflow/dags/dag.py
[2025-07-07T20:26:41.376+0000] {processor.py:839} INFO - DAG(s) dict_keys(['axone_fb_etl_pipeline']) retrieved from /opt/airflow/dags/dag.py
[2025-07-07T20:26:41.406+0000] {logging_mixin.py:151} INFO - [2025-07-07T20:26:41.406+0000] {dag.py:2915} INFO - Sync 1 DAGs
[2025-07-07T20:26:41.457+0000] {logging_mixin.py:151} INFO - [2025-07-07T20:26:41.457+0000] {dag.py:3696} INFO - Setting next_dagrun for axone_fb_etl_pipeline to 2025-07-07T00:00:00+00:00, run_after=2025-07-08T00:00:00+00:00
[2025-07-07T20:26:41.484+0000] {processor.py:179} INFO - Processing /opt/airflow/dags/dag.py took 0.138 seconds
[2025-07-07T20:27:12.127+0000] {processor.py:157} INFO - Started process (PID=181) to work on /opt/airflow/dags/dag.py
[2025-07-07T20:27:12.130+0000] {processor.py:829} INFO - Processing file /opt/airflow/dags/dag.py for tasks to queue
[2025-07-07T20:27:12.133+0000] {logging_mixin.py:151} INFO - [2025-07-07T20:27:12.132+0000] {dagbag.py:539} INFO - Filling up the DagBag from /opt/airflow/dags/dag.py
[2025-07-07T20:27:12.203+0000] {processor.py:839} INFO - DAG(s) dict_keys(['axone_fb_etl_pipeline']) retrieved from /opt/airflow/dags/dag.py
[2025-07-07T20:27:12.289+0000] {logging_mixin.py:151} INFO - [2025-07-07T20:27:12.288+0000] {dag.py:2915} INFO - Sync 1 DAGs
[2025-07-07T20:27:12.328+0000] {logging_mixin.py:151} INFO - [2025-07-07T20:27:12.328+0000] {dag.py:3696} INFO - Setting next_dagrun for axone_fb_etl_pipeline to 2025-07-07T00:00:00+00:00, run_after=2025-07-08T00:00:00+00:00
[2025-07-07T20:27:12.349+0000] {processor.py:179} INFO - Processing /opt/airflow/dags/dag.py took 0.232 seconds
[2025-07-07T20:27:42.467+0000] {processor.py:157} INFO - Started process (PID=186) to work on /opt/airflow/dags/dag.py
[2025-07-07T20:27:42.470+0000] {processor.py:829} INFO - Processing file /opt/airflow/dags/dag.py for tasks to queue
[2025-07-07T20:27:42.472+0000] {logging_mixin.py:151} INFO - [2025-07-07T20:27:42.471+0000] {dagbag.py:539} INFO - Filling up the DagBag from /opt/airflow/dags/dag.py
[2025-07-07T20:27:42.513+0000] {processor.py:839} INFO - DAG(s) dict_keys(['axone_fb_etl_pipeline']) retrieved from /opt/airflow/dags/dag.py
[2025-07-07T20:27:42.589+0000] {logging_mixin.py:151} INFO - [2025-07-07T20:27:42.588+0000] {dag.py:2915} INFO - Sync 1 DAGs
[2025-07-07T20:27:42.858+0000] {logging_mixin.py:151} INFO - [2025-07-07T20:27:42.858+0000] {dag.py:3696} INFO - Setting next_dagrun for axone_fb_etl_pipeline to 2025-07-07T00:00:00+00:00, run_after=2025-07-08T00:00:00+00:00
[2025-07-07T20:27:42.874+0000] {processor.py:179} INFO - Processing /opt/airflow/dags/dag.py took 0.421 seconds
[2025-07-07T20:28:13.309+0000] {processor.py:157} INFO - Started process (PID=191) to work on /opt/airflow/dags/dag.py
[2025-07-07T20:28:13.314+0000] {processor.py:829} INFO - Processing file /opt/airflow/dags/dag.py for tasks to queue
[2025-07-07T20:28:13.320+0000] {logging_mixin.py:151} INFO - [2025-07-07T20:28:13.316+0000] {dagbag.py:539} INFO - Filling up the DagBag from /opt/airflow/dags/dag.py
[2025-07-07T20:28:13.378+0000] {processor.py:839} INFO - DAG(s) dict_keys(['axone_fb_etl_pipeline']) retrieved from /opt/airflow/dags/dag.py
[2025-07-07T20:28:13.493+0000] {logging_mixin.py:151} INFO - [2025-07-07T20:28:13.493+0000] {dag.py:2915} INFO - Sync 1 DAGs
[2025-07-07T20:28:13.782+0000] {logging_mixin.py:151} INFO - [2025-07-07T20:28:13.781+0000] {dag.py:3696} INFO - Setting next_dagrun for axone_fb_etl_pipeline to 2025-07-07T00:00:00+00:00, run_after=2025-07-08T00:00:00+00:00
[2025-07-07T20:28:13.795+0000] {processor.py:179} INFO - Processing /opt/airflow/dags/dag.py took 0.501 seconds
[2025-07-07T20:28:44.147+0000] {processor.py:157} INFO - Started process (PID=196) to work on /opt/airflow/dags/dag.py
[2025-07-07T20:28:44.149+0000] {processor.py:829} INFO - Processing file /opt/airflow/dags/dag.py for tasks to queue
[2025-07-07T20:28:44.151+0000] {logging_mixin.py:151} INFO - [2025-07-07T20:28:44.150+0000] {dagbag.py:539} INFO - Filling up the DagBag from /opt/airflow/dags/dag.py
[2025-07-07T20:28:44.180+0000] {processor.py:839} INFO - DAG(s) dict_keys(['axone_fb_etl_pipeline']) retrieved from /opt/airflow/dags/dag.py
[2025-07-07T20:28:44.573+0000] {logging_mixin.py:151} INFO - [2025-07-07T20:28:44.573+0000] {dag.py:2915} INFO - Sync 1 DAGs
[2025-07-07T20:28:44.589+0000] {logging_mixin.py:151} INFO - [2025-07-07T20:28:44.589+0000] {dag.py:3696} INFO - Setting next_dagrun for axone_fb_etl_pipeline to 2025-07-07T00:00:00+00:00, run_after=2025-07-08T00:00:00+00:00
[2025-07-07T20:28:44.602+0000] {processor.py:179} INFO - Processing /opt/airflow/dags/dag.py took 0.463 seconds
[2025-07-07T20:29:15.433+0000] {processor.py:157} INFO - Started process (PID=201) to work on /opt/airflow/dags/dag.py
[2025-07-07T20:29:15.440+0000] {processor.py:829} INFO - Processing file /opt/airflow/dags/dag.py for tasks to queue
[2025-07-07T20:29:15.445+0000] {logging_mixin.py:151} INFO - [2025-07-07T20:29:15.443+0000] {dagbag.py:539} INFO - Filling up the DagBag from /opt/airflow/dags/dag.py
[2025-07-07T20:29:16.048+0000] {processor.py:839} INFO - DAG(s) dict_keys(['axone_fb_etl_pipeline']) retrieved from /opt/airflow/dags/dag.py
[2025-07-07T20:29:16.103+0000] {logging_mixin.py:151} INFO - [2025-07-07T20:29:16.103+0000] {dag.py:2915} INFO - Sync 1 DAGs
[2025-07-07T20:29:16.153+0000] {logging_mixin.py:151} INFO - [2025-07-07T20:29:16.153+0000] {dag.py:3696} INFO - Setting next_dagrun for axone_fb_etl_pipeline to 2025-07-07T00:00:00+00:00, run_after=2025-07-08T00:00:00+00:00
[2025-07-07T20:29:16.171+0000] {processor.py:179} INFO - Processing /opt/airflow/dags/dag.py took 0.760 seconds
[2025-07-07T20:29:46.818+0000] {processor.py:157} INFO - Started process (PID=206) to work on /opt/airflow/dags/dag.py
[2025-07-07T20:29:46.821+0000] {processor.py:829} INFO - Processing file /opt/airflow/dags/dag.py for tasks to queue
[2025-07-07T20:29:46.823+0000] {logging_mixin.py:151} INFO - [2025-07-07T20:29:46.822+0000] {dagbag.py:539} INFO - Filling up the DagBag from /opt/airflow/dags/dag.py
[2025-07-07T20:29:46.859+0000] {processor.py:839} INFO - DAG(s) dict_keys(['axone_fb_etl_pipeline']) retrieved from /opt/airflow/dags/dag.py
[2025-07-07T20:29:46.921+0000] {logging_mixin.py:151} INFO - [2025-07-07T20:29:46.921+0000] {dag.py:2915} INFO - Sync 1 DAGs
[2025-07-07T20:29:46.957+0000] {logging_mixin.py:151} INFO - [2025-07-07T20:29:46.956+0000] {dag.py:3696} INFO - Setting next_dagrun for axone_fb_etl_pipeline to 2025-07-07T00:00:00+00:00, run_after=2025-07-08T00:00:00+00:00
[2025-07-07T20:29:46.977+0000] {processor.py:179} INFO - Processing /opt/airflow/dags/dag.py took 0.166 seconds
[2025-07-07T20:30:17.192+0000] {processor.py:157} INFO - Started process (PID=211) to work on /opt/airflow/dags/dag.py
[2025-07-07T20:30:17.196+0000] {processor.py:829} INFO - Processing file /opt/airflow/dags/dag.py for tasks to queue
[2025-07-07T20:30:17.201+0000] {logging_mixin.py:151} INFO - [2025-07-07T20:30:17.200+0000] {dagbag.py:539} INFO - Filling up the DagBag from /opt/airflow/dags/dag.py
[2025-07-07T20:30:17.230+0000] {processor.py:839} INFO - DAG(s) dict_keys(['axone_fb_etl_pipeline']) retrieved from /opt/airflow/dags/dag.py
[2025-07-07T20:30:17.277+0000] {logging_mixin.py:151} INFO - [2025-07-07T20:30:17.276+0000] {dag.py:2915} INFO - Sync 1 DAGs
[2025-07-07T20:30:17.299+0000] {logging_mixin.py:151} INFO - [2025-07-07T20:30:17.299+0000] {dag.py:3696} INFO - Setting next_dagrun for axone_fb_etl_pipeline to 2025-07-07T00:00:00+00:00, run_after=2025-07-08T00:00:00+00:00
[2025-07-07T20:30:17.313+0000] {processor.py:179} INFO - Processing /opt/airflow/dags/dag.py took 0.130 seconds
[2025-07-07T20:30:47.664+0000] {processor.py:157} INFO - Started process (PID=216) to work on /opt/airflow/dags/dag.py
[2025-07-07T20:30:47.666+0000] {processor.py:829} INFO - Processing file /opt/airflow/dags/dag.py for tasks to queue
[2025-07-07T20:30:47.668+0000] {logging_mixin.py:151} INFO - [2025-07-07T20:30:47.667+0000] {dagbag.py:539} INFO - Filling up the DagBag from /opt/airflow/dags/dag.py
[2025-07-07T20:30:47.708+0000] {processor.py:839} INFO - DAG(s) dict_keys(['axone_fb_etl_pipeline']) retrieved from /opt/airflow/dags/dag.py
[2025-07-07T20:30:47.783+0000] {logging_mixin.py:151} INFO - [2025-07-07T20:30:47.783+0000] {dag.py:2915} INFO - Sync 1 DAGs
[2025-07-07T20:30:47.832+0000] {logging_mixin.py:151} INFO - [2025-07-07T20:30:47.832+0000] {dag.py:3696} INFO - Setting next_dagrun for axone_fb_etl_pipeline to 2025-07-07T00:00:00+00:00, run_after=2025-07-08T00:00:00+00:00
[2025-07-07T20:30:47.845+0000] {processor.py:179} INFO - Processing /opt/airflow/dags/dag.py took 0.186 seconds
[2025-07-07T20:31:18.367+0000] {processor.py:157} INFO - Started process (PID=221) to work on /opt/airflow/dags/dag.py
[2025-07-07T20:31:18.368+0000] {processor.py:829} INFO - Processing file /opt/airflow/dags/dag.py for tasks to queue
[2025-07-07T20:31:18.369+0000] {logging_mixin.py:151} INFO - [2025-07-07T20:31:18.369+0000] {dagbag.py:539} INFO - Filling up the DagBag from /opt/airflow/dags/dag.py
[2025-07-07T20:31:18.397+0000] {processor.py:839} INFO - DAG(s) dict_keys(['axone_fb_etl_pipeline']) retrieved from /opt/airflow/dags/dag.py
[2025-07-07T20:31:18.462+0000] {logging_mixin.py:151} INFO - [2025-07-07T20:31:18.462+0000] {dag.py:2915} INFO - Sync 1 DAGs
[2025-07-07T20:31:18.484+0000] {logging_mixin.py:151} INFO - [2025-07-07T20:31:18.484+0000] {dag.py:3696} INFO - Setting next_dagrun for axone_fb_etl_pipeline to 2025-07-07T00:00:00+00:00, run_after=2025-07-08T00:00:00+00:00
[2025-07-07T20:31:18.503+0000] {processor.py:179} INFO - Processing /opt/airflow/dags/dag.py took 0.151 seconds
[2025-07-07T20:31:48.857+0000] {processor.py:157} INFO - Started process (PID=230) to work on /opt/airflow/dags/dag.py
[2025-07-07T20:31:48.858+0000] {processor.py:829} INFO - Processing file /opt/airflow/dags/dag.py for tasks to queue
[2025-07-07T20:31:48.861+0000] {logging_mixin.py:151} INFO - [2025-07-07T20:31:48.860+0000] {dagbag.py:539} INFO - Filling up the DagBag from /opt/airflow/dags/dag.py
[2025-07-07T20:31:48.893+0000] {processor.py:839} INFO - DAG(s) dict_keys(['axone_fb_etl_pipeline']) retrieved from /opt/airflow/dags/dag.py
[2025-07-07T20:31:48.976+0000] {logging_mixin.py:151} INFO - [2025-07-07T20:31:48.975+0000] {dag.py:2915} INFO - Sync 1 DAGs
[2025-07-07T20:31:49.015+0000] {logging_mixin.py:151} INFO - [2025-07-07T20:31:49.014+0000] {dag.py:3696} INFO - Setting next_dagrun for axone_fb_etl_pipeline to 2025-07-07T00:00:00+00:00, run_after=2025-07-08T00:00:00+00:00
[2025-07-07T20:31:49.060+0000] {processor.py:179} INFO - Processing /opt/airflow/dags/dag.py took 0.219 seconds
[2025-07-07T20:32:19.293+0000] {processor.py:157} INFO - Started process (PID=239) to work on /opt/airflow/dags/dag.py
[2025-07-07T20:32:19.295+0000] {processor.py:829} INFO - Processing file /opt/airflow/dags/dag.py for tasks to queue
[2025-07-07T20:32:19.296+0000] {logging_mixin.py:151} INFO - [2025-07-07T20:32:19.295+0000] {dagbag.py:539} INFO - Filling up the DagBag from /opt/airflow/dags/dag.py
[2025-07-07T20:32:19.314+0000] {processor.py:839} INFO - DAG(s) dict_keys(['axone_fb_etl_pipeline']) retrieved from /opt/airflow/dags/dag.py
[2025-07-07T20:32:19.384+0000] {logging_mixin.py:151} INFO - [2025-07-07T20:32:19.384+0000] {dag.py:2915} INFO - Sync 1 DAGs
[2025-07-07T20:32:19.404+0000] {logging_mixin.py:151} INFO - [2025-07-07T20:32:19.404+0000] {dag.py:3696} INFO - Setting next_dagrun for axone_fb_etl_pipeline to 2025-07-07T00:00:00+00:00, run_after=2025-07-08T00:00:00+00:00
[2025-07-07T20:32:19.424+0000] {processor.py:179} INFO - Processing /opt/airflow/dags/dag.py took 0.137 seconds
[2025-07-07T20:32:49.567+0000] {processor.py:157} INFO - Started process (PID=244) to work on /opt/airflow/dags/dag.py
[2025-07-07T20:32:49.569+0000] {processor.py:829} INFO - Processing file /opt/airflow/dags/dag.py for tasks to queue
[2025-07-07T20:32:49.572+0000] {logging_mixin.py:151} INFO - [2025-07-07T20:32:49.571+0000] {dagbag.py:539} INFO - Filling up the DagBag from /opt/airflow/dags/dag.py
[2025-07-07T20:32:49.587+0000] {processor.py:839} INFO - DAG(s) dict_keys(['axone_fb_etl_pipeline']) retrieved from /opt/airflow/dags/dag.py
[2025-07-07T20:32:49.640+0000] {logging_mixin.py:151} INFO - [2025-07-07T20:32:49.640+0000] {dag.py:2915} INFO - Sync 1 DAGs
[2025-07-07T20:32:49.690+0000] {logging_mixin.py:151} INFO - [2025-07-07T20:32:49.689+0000] {dag.py:3696} INFO - Setting next_dagrun for axone_fb_etl_pipeline to 2025-07-07T00:00:00+00:00, run_after=2025-07-08T00:00:00+00:00
[2025-07-07T20:32:49.706+0000] {processor.py:179} INFO - Processing /opt/airflow/dags/dag.py took 0.143 seconds
[2025-07-07T20:33:20.038+0000] {processor.py:157} INFO - Started process (PID=249) to work on /opt/airflow/dags/dag.py
[2025-07-07T20:33:20.039+0000] {processor.py:829} INFO - Processing file /opt/airflow/dags/dag.py for tasks to queue
[2025-07-07T20:33:20.041+0000] {logging_mixin.py:151} INFO - [2025-07-07T20:33:20.041+0000] {dagbag.py:539} INFO - Filling up the DagBag from /opt/airflow/dags/dag.py
[2025-07-07T20:33:20.100+0000] {processor.py:839} INFO - DAG(s) dict_keys(['axone_fb_etl_pipeline']) retrieved from /opt/airflow/dags/dag.py
[2025-07-07T20:33:20.219+0000] {logging_mixin.py:151} INFO - [2025-07-07T20:33:20.218+0000] {dag.py:2915} INFO - Sync 1 DAGs
[2025-07-07T20:33:20.337+0000] {logging_mixin.py:151} INFO - [2025-07-07T20:33:20.336+0000] {dag.py:3696} INFO - Setting next_dagrun for axone_fb_etl_pipeline to 2025-07-07T00:00:00+00:00, run_after=2025-07-08T00:00:00+00:00
[2025-07-07T20:33:20.386+0000] {processor.py:179} INFO - Processing /opt/airflow/dags/dag.py took 0.359 seconds
[2025-07-07T20:33:50.703+0000] {processor.py:157} INFO - Started process (PID=254) to work on /opt/airflow/dags/dag.py
[2025-07-07T20:33:50.705+0000] {processor.py:829} INFO - Processing file /opt/airflow/dags/dag.py for tasks to queue
[2025-07-07T20:33:50.706+0000] {logging_mixin.py:151} INFO - [2025-07-07T20:33:50.706+0000] {dagbag.py:539} INFO - Filling up the DagBag from /opt/airflow/dags/dag.py
[2025-07-07T20:33:50.726+0000] {processor.py:839} INFO - DAG(s) dict_keys(['axone_fb_etl_pipeline']) retrieved from /opt/airflow/dags/dag.py
[2025-07-07T20:33:50.806+0000] {logging_mixin.py:151} INFO - [2025-07-07T20:33:50.805+0000] {dag.py:2915} INFO - Sync 1 DAGs
[2025-07-07T20:33:50.836+0000] {logging_mixin.py:151} INFO - [2025-07-07T20:33:50.835+0000] {dag.py:3696} INFO - Setting next_dagrun for axone_fb_etl_pipeline to 2025-07-07T00:00:00+00:00, run_after=2025-07-08T00:00:00+00:00
[2025-07-07T20:33:50.848+0000] {processor.py:179} INFO - Processing /opt/airflow/dags/dag.py took 0.152 seconds
[2025-07-07T20:34:12.994+0000] {processor.py:157} INFO - Started process (PID=259) to work on /opt/airflow/dags/dag.py
[2025-07-07T20:34:12.997+0000] {processor.py:829} INFO - Processing file /opt/airflow/dags/dag.py for tasks to queue
[2025-07-07T20:34:12.998+0000] {logging_mixin.py:151} INFO - [2025-07-07T20:34:12.998+0000] {dagbag.py:539} INFO - Filling up the DagBag from /opt/airflow/dags/dag.py
[2025-07-07T20:34:13.046+0000] {processor.py:839} INFO - DAG(s) dict_keys(['axone_fb_etl_pipeline']) retrieved from /opt/airflow/dags/dag.py
[2025-07-07T20:34:13.162+0000] {logging_mixin.py:151} INFO - [2025-07-07T20:34:13.162+0000] {dag.py:2915} INFO - Sync 1 DAGs
[2025-07-07T20:34:13.238+0000] {logging_mixin.py:151} INFO - [2025-07-07T20:34:13.237+0000] {dag.py:3696} INFO - Setting next_dagrun for axone_fb_etl_pipeline to 2025-07-07T00:00:00+00:00, run_after=2025-07-08T00:00:00+00:00
[2025-07-07T20:34:13.277+0000] {processor.py:179} INFO - Processing /opt/airflow/dags/dag.py took 0.293 seconds
[2025-07-07T20:34:56.157+0000] {processor.py:157} INFO - Started process (PID=166) to work on /opt/airflow/dags/dag.py
[2025-07-07T20:34:56.158+0000] {processor.py:829} INFO - Processing file /opt/airflow/dags/dag.py for tasks to queue
[2025-07-07T20:34:56.161+0000] {logging_mixin.py:151} INFO - [2025-07-07T20:34:56.160+0000] {dagbag.py:539} INFO - Filling up the DagBag from /opt/airflow/dags/dag.py
[2025-07-07T20:34:56.209+0000] {processor.py:839} INFO - DAG(s) dict_keys(['axone_fb_etl_pipeline']) retrieved from /opt/airflow/dags/dag.py
[2025-07-07T20:34:56.281+0000] {logging_mixin.py:151} INFO - [2025-07-07T20:34:56.280+0000] {dag.py:2915} INFO - Sync 1 DAGs
[2025-07-07T20:34:56.322+0000] {logging_mixin.py:151} INFO - [2025-07-07T20:34:56.322+0000] {dag.py:3696} INFO - Setting next_dagrun for axone_fb_etl_pipeline to 2025-07-07T00:00:00+00:00, run_after=2025-07-08T00:00:00+00:00
[2025-07-07T20:34:56.348+0000] {processor.py:179} INFO - Processing /opt/airflow/dags/dag.py took 0.200 seconds
[2025-07-07T20:35:26.595+0000] {processor.py:157} INFO - Started process (PID=172) to work on /opt/airflow/dags/dag.py
[2025-07-07T20:35:26.596+0000] {processor.py:829} INFO - Processing file /opt/airflow/dags/dag.py for tasks to queue
[2025-07-07T20:35:26.599+0000] {logging_mixin.py:151} INFO - [2025-07-07T20:35:26.598+0000] {dagbag.py:539} INFO - Filling up the DagBag from /opt/airflow/dags/dag.py
[2025-07-07T20:35:26.621+0000] {processor.py:839} INFO - DAG(s) dict_keys(['axone_fb_etl_pipeline']) retrieved from /opt/airflow/dags/dag.py
[2025-07-07T20:35:26.659+0000] {logging_mixin.py:151} INFO - [2025-07-07T20:35:26.658+0000] {dag.py:2915} INFO - Sync 1 DAGs
[2025-07-07T20:35:26.697+0000] {logging_mixin.py:151} INFO - [2025-07-07T20:35:26.697+0000] {dag.py:3696} INFO - Setting next_dagrun for axone_fb_etl_pipeline to 2025-07-07T00:00:00+00:00, run_after=2025-07-08T00:00:00+00:00
[2025-07-07T20:35:26.709+0000] {processor.py:179} INFO - Processing /opt/airflow/dags/dag.py took 0.125 seconds
[2025-07-07T20:35:56.830+0000] {processor.py:157} INFO - Started process (PID=177) to work on /opt/airflow/dags/dag.py
[2025-07-07T20:35:56.831+0000] {processor.py:829} INFO - Processing file /opt/airflow/dags/dag.py for tasks to queue
[2025-07-07T20:35:56.832+0000] {logging_mixin.py:151} INFO - [2025-07-07T20:35:56.831+0000] {dagbag.py:539} INFO - Filling up the DagBag from /opt/airflow/dags/dag.py
[2025-07-07T20:35:56.879+0000] {processor.py:839} INFO - DAG(s) dict_keys(['axone_fb_etl_pipeline']) retrieved from /opt/airflow/dags/dag.py
[2025-07-07T20:35:56.944+0000] {logging_mixin.py:151} INFO - [2025-07-07T20:35:56.944+0000] {dag.py:2915} INFO - Sync 1 DAGs
[2025-07-07T20:35:56.963+0000] {logging_mixin.py:151} INFO - [2025-07-07T20:35:56.963+0000] {dag.py:3696} INFO - Setting next_dagrun for axone_fb_etl_pipeline to 2025-07-07T00:00:00+00:00, run_after=2025-07-08T00:00:00+00:00
[2025-07-07T20:35:57.234+0000] {processor.py:179} INFO - Processing /opt/airflow/dags/dag.py took 0.408 seconds
[2025-07-07T20:36:27.574+0000] {processor.py:157} INFO - Started process (PID=182) to work on /opt/airflow/dags/dag.py
[2025-07-07T20:36:27.576+0000] {processor.py:829} INFO - Processing file /opt/airflow/dags/dag.py for tasks to queue
[2025-07-07T20:36:27.580+0000] {logging_mixin.py:151} INFO - [2025-07-07T20:36:27.578+0000] {dagbag.py:539} INFO - Filling up the DagBag from /opt/airflow/dags/dag.py
[2025-07-07T20:36:27.625+0000] {processor.py:839} INFO - DAG(s) dict_keys(['axone_fb_etl_pipeline']) retrieved from /opt/airflow/dags/dag.py
[2025-07-07T20:36:27.715+0000] {logging_mixin.py:151} INFO - [2025-07-07T20:36:27.714+0000] {dag.py:2915} INFO - Sync 1 DAGs
[2025-07-07T20:36:28.107+0000] {logging_mixin.py:151} INFO - [2025-07-07T20:36:28.106+0000] {dag.py:3696} INFO - Setting next_dagrun for axone_fb_etl_pipeline to 2025-07-07T00:00:00+00:00, run_after=2025-07-08T00:00:00+00:00
[2025-07-07T20:36:28.128+0000] {processor.py:179} INFO - Processing /opt/airflow/dags/dag.py took 0.564 seconds
[2025-07-07T20:36:58.499+0000] {processor.py:157} INFO - Started process (PID=191) to work on /opt/airflow/dags/dag.py
[2025-07-07T20:36:58.502+0000] {processor.py:829} INFO - Processing file /opt/airflow/dags/dag.py for tasks to queue
[2025-07-07T20:36:58.504+0000] {logging_mixin.py:151} INFO - [2025-07-07T20:36:58.504+0000] {dagbag.py:539} INFO - Filling up the DagBag from /opt/airflow/dags/dag.py
[2025-07-07T20:36:58.544+0000] {processor.py:839} INFO - DAG(s) dict_keys(['axone_fb_etl_pipeline']) retrieved from /opt/airflow/dags/dag.py
[2025-07-07T20:36:58.596+0000] {logging_mixin.py:151} INFO - [2025-07-07T20:36:58.595+0000] {dag.py:2915} INFO - Sync 1 DAGs
[2025-07-07T20:36:59.006+0000] {logging_mixin.py:151} INFO - [2025-07-07T20:36:59.006+0000] {dag.py:3696} INFO - Setting next_dagrun for axone_fb_etl_pipeline to 2025-07-07T00:00:00+00:00, run_after=2025-07-08T00:00:00+00:00
[2025-07-07T20:36:59.046+0000] {processor.py:179} INFO - Processing /opt/airflow/dags/dag.py took 0.559 seconds
[2025-07-07T20:37:29.453+0000] {processor.py:157} INFO - Started process (PID=200) to work on /opt/airflow/dags/dag.py
[2025-07-07T20:37:29.454+0000] {processor.py:829} INFO - Processing file /opt/airflow/dags/dag.py for tasks to queue
[2025-07-07T20:37:29.455+0000] {logging_mixin.py:151} INFO - [2025-07-07T20:37:29.455+0000] {dagbag.py:539} INFO - Filling up the DagBag from /opt/airflow/dags/dag.py
[2025-07-07T20:37:29.487+0000] {processor.py:839} INFO - DAG(s) dict_keys(['axone_fb_etl_pipeline']) retrieved from /opt/airflow/dags/dag.py
[2025-07-07T20:37:29.873+0000] {logging_mixin.py:151} INFO - [2025-07-07T20:37:29.873+0000] {dag.py:2915} INFO - Sync 1 DAGs
[2025-07-07T20:37:29.887+0000] {logging_mixin.py:151} INFO - [2025-07-07T20:37:29.887+0000] {dag.py:3696} INFO - Setting next_dagrun for axone_fb_etl_pipeline to 2025-07-07T00:00:00+00:00, run_after=2025-07-08T00:00:00+00:00
[2025-07-07T20:37:29.898+0000] {processor.py:179} INFO - Processing /opt/airflow/dags/dag.py took 0.454 seconds
[2025-07-07T20:38:00.695+0000] {processor.py:157} INFO - Started process (PID=209) to work on /opt/airflow/dags/dag.py
[2025-07-07T20:38:00.697+0000] {processor.py:829} INFO - Processing file /opt/airflow/dags/dag.py for tasks to queue
[2025-07-07T20:38:00.698+0000] {logging_mixin.py:151} INFO - [2025-07-07T20:38:00.697+0000] {dagbag.py:539} INFO - Filling up the DagBag from /opt/airflow/dags/dag.py
[2025-07-07T20:38:00.729+0000] {processor.py:839} INFO - DAG(s) dict_keys(['axone_fb_etl_pipeline']) retrieved from /opt/airflow/dags/dag.py
[2025-07-07T20:38:00.820+0000] {logging_mixin.py:151} INFO - [2025-07-07T20:38:00.819+0000] {dag.py:2915} INFO - Sync 1 DAGs
[2025-07-07T20:38:00.883+0000] {logging_mixin.py:151} INFO - [2025-07-07T20:38:00.882+0000] {dag.py:3696} INFO - Setting next_dagrun for axone_fb_etl_pipeline to 2025-07-07T00:00:00+00:00, run_after=2025-07-08T00:00:00+00:00
[2025-07-07T20:38:00.903+0000] {processor.py:179} INFO - Processing /opt/airflow/dags/dag.py took 0.215 seconds
[2025-07-07T20:38:31.124+0000] {processor.py:157} INFO - Started process (PID=214) to work on /opt/airflow/dags/dag.py
[2025-07-07T20:38:31.126+0000] {processor.py:829} INFO - Processing file /opt/airflow/dags/dag.py for tasks to queue
[2025-07-07T20:38:31.127+0000] {logging_mixin.py:151} INFO - [2025-07-07T20:38:31.126+0000] {dagbag.py:539} INFO - Filling up the DagBag from /opt/airflow/dags/dag.py
[2025-07-07T20:38:31.146+0000] {processor.py:839} INFO - DAG(s) dict_keys(['axone_fb_etl_pipeline']) retrieved from /opt/airflow/dags/dag.py
[2025-07-07T20:38:31.197+0000] {logging_mixin.py:151} INFO - [2025-07-07T20:38:31.197+0000] {dag.py:2915} INFO - Sync 1 DAGs
[2025-07-07T20:38:31.224+0000] {logging_mixin.py:151} INFO - [2025-07-07T20:38:31.224+0000] {dag.py:3696} INFO - Setting next_dagrun for axone_fb_etl_pipeline to 2025-07-07T00:00:00+00:00, run_after=2025-07-08T00:00:00+00:00
[2025-07-07T20:38:31.238+0000] {processor.py:179} INFO - Processing /opt/airflow/dags/dag.py took 0.123 seconds
[2025-07-07T20:39:01.498+0000] {processor.py:157} INFO - Started process (PID=219) to work on /opt/airflow/dags/dag.py
[2025-07-07T20:39:01.502+0000] {processor.py:829} INFO - Processing file /opt/airflow/dags/dag.py for tasks to queue
[2025-07-07T20:39:01.504+0000] {logging_mixin.py:151} INFO - [2025-07-07T20:39:01.503+0000] {dagbag.py:539} INFO - Filling up the DagBag from /opt/airflow/dags/dag.py
[2025-07-07T20:39:01.548+0000] {processor.py:839} INFO - DAG(s) dict_keys(['axone_fb_etl_pipeline']) retrieved from /opt/airflow/dags/dag.py
[2025-07-07T20:39:01.626+0000] {logging_mixin.py:151} INFO - [2025-07-07T20:39:01.626+0000] {dag.py:2915} INFO - Sync 1 DAGs
[2025-07-07T20:39:01.680+0000] {logging_mixin.py:151} INFO - [2025-07-07T20:39:01.680+0000] {dag.py:3696} INFO - Setting next_dagrun for axone_fb_etl_pipeline to 2025-07-07T00:00:00+00:00, run_after=2025-07-08T00:00:00+00:00
[2025-07-07T20:39:01.711+0000] {processor.py:179} INFO - Processing /opt/airflow/dags/dag.py took 0.222 seconds
[2025-07-07T20:39:31.806+0000] {processor.py:157} INFO - Started process (PID=224) to work on /opt/airflow/dags/dag.py
[2025-07-07T20:39:31.811+0000] {processor.py:829} INFO - Processing file /opt/airflow/dags/dag.py for tasks to queue
[2025-07-07T20:39:31.814+0000] {logging_mixin.py:151} INFO - [2025-07-07T20:39:31.812+0000] {dagbag.py:539} INFO - Filling up the DagBag from /opt/airflow/dags/dag.py
[2025-07-07T20:39:31.851+0000] {processor.py:839} INFO - DAG(s) dict_keys(['axone_fb_etl_pipeline']) retrieved from /opt/airflow/dags/dag.py
[2025-07-07T20:39:31.970+0000] {logging_mixin.py:151} INFO - [2025-07-07T20:39:31.969+0000] {dag.py:2915} INFO - Sync 1 DAGs
[2025-07-07T20:39:32.024+0000] {logging_mixin.py:151} INFO - [2025-07-07T20:39:32.023+0000] {dag.py:3696} INFO - Setting next_dagrun for axone_fb_etl_pipeline to 2025-07-07T00:00:00+00:00, run_after=2025-07-08T00:00:00+00:00
[2025-07-07T20:39:32.081+0000] {processor.py:179} INFO - Processing /opt/airflow/dags/dag.py took 0.286 seconds
[2025-07-07T20:40:02.368+0000] {processor.py:157} INFO - Started process (PID=229) to work on /opt/airflow/dags/dag.py
[2025-07-07T20:40:02.370+0000] {processor.py:829} INFO - Processing file /opt/airflow/dags/dag.py for tasks to queue
[2025-07-07T20:40:02.371+0000] {logging_mixin.py:151} INFO - [2025-07-07T20:40:02.370+0000] {dagbag.py:539} INFO - Filling up the DagBag from /opt/airflow/dags/dag.py
[2025-07-07T20:40:02.377+0000] {logging_mixin.py:151} INFO - [2025-07-07T20:40:02.373+0000] {dagbag.py:566} ERROR - [Errno 2] No such file or directory: '/opt/airflow/dags/dag.py'
Traceback (most recent call last):
  File "/home/airflow/.local/lib/python3.8/site-packages/airflow/models/dagbag.py", line 553, in collect_dags
    found_dags = self.process_file(filepath, only_if_updated=only_if_updated, safe_mode=safe_mode)
  File "/home/airflow/.local/lib/python3.8/site-packages/airflow/models/dagbag.py", line 308, in process_file
    mods = self._load_modules_from_file(filepath, safe_mode)
  File "/home/airflow/.local/lib/python3.8/site-packages/airflow/models/dagbag.py", line 320, in _load_modules_from_file
    if not might_contain_dag(filepath, safe_mode):
  File "/home/airflow/.local/lib/python3.8/site-packages/airflow/utils/file.py", line 348, in might_contain_dag
    return might_contain_dag_callable(file_path=file_path, zip_file=zip_file)
  File "/home/airflow/.local/lib/python3.8/site-packages/airflow/utils/file.py", line 365, in might_contain_dag_via_default_heuristic
    with open(file_path, "rb") as dag_file:
FileNotFoundError: [Errno 2] No such file or directory: '/opt/airflow/dags/dag.py'
[2025-07-07T20:40:02.378+0000] {processor.py:841} WARNING - No viable dags retrieved from /opt/airflow/dags/dag.py
[2025-07-07T20:40:02.410+0000] {processor.py:179} INFO - Processing /opt/airflow/dags/dag.py took 0.054 seconds
[2025-07-07T20:40:07.585+0000] {processor.py:157} INFO - Started process (PID=234) to work on /opt/airflow/dags/dag.py
[2025-07-07T20:40:07.587+0000] {processor.py:829} INFO - Processing file /opt/airflow/dags/dag.py for tasks to queue
[2025-07-07T20:40:07.589+0000] {logging_mixin.py:151} INFO - [2025-07-07T20:40:07.589+0000] {dagbag.py:539} INFO - Filling up the DagBag from /opt/airflow/dags/dag.py
[2025-07-07T20:40:07.648+0000] {processor.py:839} INFO - DAG(s) dict_keys(['axone_fb_etl_pipeline']) retrieved from /opt/airflow/dags/dag.py
[2025-07-07T20:40:08.265+0000] {logging_mixin.py:151} INFO - [2025-07-07T20:40:08.264+0000] {security.py:708} INFO - Not syncing DAG-level permissions for DAG 'DAG:axone_fb_etl_pipeline' as access control is unset.
[2025-07-07T20:40:08.267+0000] {logging_mixin.py:151} INFO - [2025-07-07T20:40:08.267+0000] {dag.py:2915} INFO - Sync 1 DAGs
[2025-07-07T20:40:08.327+0000] {logging_mixin.py:151} INFO - [2025-07-07T20:40:08.326+0000] {dag.py:3696} INFO - Setting next_dagrun for axone_fb_etl_pipeline to 2025-07-07T00:00:00+00:00, run_after=2025-07-08T00:00:00+00:00
[2025-07-07T20:40:08.432+0000] {processor.py:179} INFO - Processing /opt/airflow/dags/dag.py took 0.857 seconds
[2025-07-07T20:41:31.869+0000] {processor.py:157} INFO - Started process (PID=166) to work on /opt/airflow/dags/dag.py
[2025-07-07T20:41:31.891+0000] {processor.py:829} INFO - Processing file /opt/airflow/dags/dag.py for tasks to queue
[2025-07-07T20:41:31.897+0000] {logging_mixin.py:151} INFO - [2025-07-07T20:41:31.896+0000] {dagbag.py:539} INFO - Filling up the DagBag from /opt/airflow/dags/dag.py
[2025-07-07T20:41:31.980+0000] {processor.py:839} INFO - DAG(s) dict_keys(['axone_fb_etl_pipeline']) retrieved from /opt/airflow/dags/dag.py
[2025-07-07T20:41:32.190+0000] {logging_mixin.py:151} INFO - [2025-07-07T20:41:32.189+0000] {dag.py:2915} INFO - Sync 1 DAGs
[2025-07-07T20:41:32.318+0000] {logging_mixin.py:151} INFO - [2025-07-07T20:41:32.317+0000] {dag.py:3696} INFO - Setting next_dagrun for axone_fb_etl_pipeline to 2025-07-07T00:00:00+00:00, run_after=2025-07-08T00:00:00+00:00
[2025-07-07T20:41:32.396+0000] {processor.py:179} INFO - Processing /opt/airflow/dags/dag.py took 0.541 seconds
[2025-07-07T20:42:02.609+0000] {processor.py:157} INFO - Started process (PID=172) to work on /opt/airflow/dags/dag.py
[2025-07-07T20:42:02.611+0000] {processor.py:829} INFO - Processing file /opt/airflow/dags/dag.py for tasks to queue
[2025-07-07T20:42:02.614+0000] {logging_mixin.py:151} INFO - [2025-07-07T20:42:02.613+0000] {dagbag.py:539} INFO - Filling up the DagBag from /opt/airflow/dags/dag.py
[2025-07-07T20:42:02.682+0000] {processor.py:839} INFO - DAG(s) dict_keys(['axone_fb_etl_pipeline']) retrieved from /opt/airflow/dags/dag.py
[2025-07-07T20:42:02.755+0000] {logging_mixin.py:151} INFO - [2025-07-07T20:42:02.754+0000] {dag.py:2915} INFO - Sync 1 DAGs
[2025-07-07T20:42:02.835+0000] {logging_mixin.py:151} INFO - [2025-07-07T20:42:02.835+0000] {dag.py:3696} INFO - Setting next_dagrun for axone_fb_etl_pipeline to 2025-07-07T00:00:00+00:00, run_after=2025-07-08T00:00:00+00:00
[2025-07-07T20:42:02.868+0000] {processor.py:179} INFO - Processing /opt/airflow/dags/dag.py took 0.270 seconds
[2025-07-07T20:42:33.242+0000] {processor.py:157} INFO - Started process (PID=178) to work on /opt/airflow/dags/dag.py
[2025-07-07T20:42:33.245+0000] {processor.py:829} INFO - Processing file /opt/airflow/dags/dag.py for tasks to queue
[2025-07-07T20:42:33.249+0000] {logging_mixin.py:151} INFO - [2025-07-07T20:42:33.247+0000] {dagbag.py:539} INFO - Filling up the DagBag from /opt/airflow/dags/dag.py
[2025-07-07T20:42:33.303+0000] {processor.py:839} INFO - DAG(s) dict_keys(['axone_fb_etl_pipeline']) retrieved from /opt/airflow/dags/dag.py
[2025-07-07T20:42:33.488+0000] {logging_mixin.py:151} INFO - [2025-07-07T20:42:33.487+0000] {dag.py:2915} INFO - Sync 1 DAGs
[2025-07-07T20:42:33.535+0000] {logging_mixin.py:151} INFO - [2025-07-07T20:42:33.535+0000] {dag.py:3696} INFO - Setting next_dagrun for axone_fb_etl_pipeline to 2025-07-07T00:00:00+00:00, run_after=2025-07-08T00:00:00+00:00
[2025-07-07T20:42:33.564+0000] {processor.py:179} INFO - Processing /opt/airflow/dags/dag.py took 0.343 seconds
[2025-07-07T20:43:03.767+0000] {processor.py:157} INFO - Started process (PID=185) to work on /opt/airflow/dags/dag.py
[2025-07-07T20:43:03.769+0000] {processor.py:829} INFO - Processing file /opt/airflow/dags/dag.py for tasks to queue
[2025-07-07T20:43:03.772+0000] {logging_mixin.py:151} INFO - [2025-07-07T20:43:03.770+0000] {dagbag.py:539} INFO - Filling up the DagBag from /opt/airflow/dags/dag.py
[2025-07-07T20:43:03.833+0000] {processor.py:839} INFO - DAG(s) dict_keys(['axone_fb_etl_pipeline']) retrieved from /opt/airflow/dags/dag.py
[2025-07-07T20:43:03.947+0000] {logging_mixin.py:151} INFO - [2025-07-07T20:43:03.946+0000] {dag.py:2915} INFO - Sync 1 DAGs
[2025-07-07T20:43:04.271+0000] {logging_mixin.py:151} INFO - [2025-07-07T20:43:04.271+0000] {dag.py:3696} INFO - Setting next_dagrun for axone_fb_etl_pipeline to 2025-07-07T00:00:00+00:00, run_after=2025-07-08T00:00:00+00:00
[2025-07-07T20:43:04.290+0000] {processor.py:179} INFO - Processing /opt/airflow/dags/dag.py took 0.536 seconds
[2025-07-07T20:43:34.636+0000] {processor.py:157} INFO - Started process (PID=190) to work on /opt/airflow/dags/dag.py
[2025-07-07T20:43:34.638+0000] {processor.py:829} INFO - Processing file /opt/airflow/dags/dag.py for tasks to queue
[2025-07-07T20:43:34.641+0000] {logging_mixin.py:151} INFO - [2025-07-07T20:43:34.640+0000] {dagbag.py:539} INFO - Filling up the DagBag from /opt/airflow/dags/dag.py
[2025-07-07T20:43:34.681+0000] {processor.py:839} INFO - DAG(s) dict_keys(['axone_fb_etl_pipeline']) retrieved from /opt/airflow/dags/dag.py
[2025-07-07T20:43:34.765+0000] {logging_mixin.py:151} INFO - [2025-07-07T20:43:34.765+0000] {dag.py:2915} INFO - Sync 1 DAGs
[2025-07-07T20:43:35.045+0000] {logging_mixin.py:151} INFO - [2025-07-07T20:43:35.044+0000] {dag.py:3696} INFO - Setting next_dagrun for axone_fb_etl_pipeline to 2025-07-07T00:00:00+00:00, run_after=2025-07-08T00:00:00+00:00
[2025-07-07T20:43:35.070+0000] {processor.py:179} INFO - Processing /opt/airflow/dags/dag.py took 0.440 seconds
