[2025-07-07T20:37:06.653+0000] {taskinstance.py:1157} INFO - Dependencies all met for dep_context=non-requeueable deps ti=<TaskInstance: axone_fb_etl_pipeline.extract manual__2025-07-07T20:26:54.288448+00:00 [queued]>
[2025-07-07T20:37:06.663+0000] {taskinstance.py:1157} INFO - Dependencies all met for dep_context=requeueable deps ti=<TaskInstance: axone_fb_etl_pipeline.extract manual__2025-07-07T20:26:54.288448+00:00 [queued]>
[2025-07-07T20:37:06.664+0000] {taskinstance.py:1359} INFO - Starting attempt 3 of 4
[2025-07-07T20:37:06.682+0000] {taskinstance.py:1380} INFO - Executing <Task(BashOperator): extract> on 2025-07-07 20:26:54.288448+00:00
[2025-07-07T20:37:06.687+0000] {standard_task_runner.py:57} INFO - Started process 197 to run task
[2025-07-07T20:37:06.691+0000] {standard_task_runner.py:84} INFO - Running: ['***', 'tasks', 'run', 'axone_fb_etl_pipeline', 'extract', 'manual__2025-07-07T20:26:54.288448+00:00', '--job-id', '8', '--raw', '--subdir', 'DAGS_FOLDER/dag.py', '--cfg-path', '/tmp/tmpdr9g1ekf']
[2025-07-07T20:37:06.694+0000] {standard_task_runner.py:85} INFO - Job 8: Subtask extract
[2025-07-07T20:37:06.737+0000] {task_command.py:415} INFO - Running <TaskInstance: axone_fb_etl_pipeline.extract manual__2025-07-07T20:26:54.288448+00:00 [running]> on host c88dda942e9f
[2025-07-07T20:37:06.812+0000] {taskinstance.py:1660} INFO - Exporting env vars: AIRFLOW_CTX_DAG_OWNER='data-team' AIRFLOW_CTX_DAG_ID='axone_fb_etl_pipeline' AIRFLOW_CTX_TASK_ID='extract' AIRFLOW_CTX_EXECUTION_DATE='2025-07-07T20:26:54.288448+00:00' AIRFLOW_CTX_TRY_NUMBER='3' AIRFLOW_CTX_DAG_RUN_ID='manual__2025-07-07T20:26:54.288448+00:00'
[2025-07-07T20:37:06.814+0000] {subprocess.py:63} INFO - Tmp dir root location: /tmp
[2025-07-07T20:37:06.815+0000] {subprocess.py:75} INFO - Running command: ['/bin/bash', '-c', 'cd /opt/*** && python src/extract.py --query "deces jacques chirac" --num_scrolls 10']
[2025-07-07T20:37:06.822+0000] {subprocess.py:86} INFO - Output:
[2025-07-07T20:37:07.318+0000] {subprocess.py:93} INFO - Traceback (most recent call last):
[2025-07-07T20:37:07.319+0000] {subprocess.py:93} INFO -   File "src/extract.py", line 8, in <module>
[2025-07-07T20:37:07.319+0000] {subprocess.py:93} INFO -     from selenium import webdriver
[2025-07-07T20:37:07.319+0000] {subprocess.py:93} INFO - ModuleNotFoundError: No module named 'selenium'
[2025-07-07T20:37:07.331+0000] {subprocess.py:97} INFO - Command exited with return code 1
[2025-07-07T20:37:07.340+0000] {taskinstance.py:1935} ERROR - Task failed with exception
Traceback (most recent call last):
  File "/home/airflow/.local/lib/python3.8/site-packages/airflow/operators/bash.py", line 210, in execute
    raise AirflowException(
airflow.exceptions.AirflowException: Bash command failed. The command returned a non-zero exit code 1.
[2025-07-07T20:37:07.343+0000] {taskinstance.py:1398} INFO - Marking task as UP_FOR_RETRY. dag_id=axone_fb_etl_pipeline, task_id=extract, execution_date=20250707T202654, start_date=20250707T203706, end_date=20250707T203707
[2025-07-07T20:37:07.353+0000] {standard_task_runner.py:104} ERROR - Failed to execute job 8 for task extract (Bash command failed. The command returned a non-zero exit code 1.; 197)
[2025-07-07T20:37:07.372+0000] {local_task_job_runner.py:228} INFO - Task exited with return code 1
[2025-07-07T20:37:07.404+0000] {taskinstance.py:2776} INFO - 0 downstream tasks scheduled from follow-on schedule check
