[2025-07-07T20:40:13.236+0000] {taskinstance.py:1157} INFO - Dependencies all met for dep_context=non-requeueable deps ti=<TaskInstance: axone_fb_etl_pipeline.extract_facebook_data manual__2025-07-07T20:37:36.499581+00:00 [queued]>
[2025-07-07T20:40:13.277+0000] {taskinstance.py:1157} INFO - Dependencies all met for dep_context=requeueable deps ti=<TaskInstance: axone_fb_etl_pipeline.extract_facebook_data manual__2025-07-07T20:37:36.499581+00:00 [queued]>
[2025-07-07T20:40:13.281+0000] {taskinstance.py:1359} INFO - Starting attempt 1 of 4
[2025-07-07T20:40:13.363+0000] {taskinstance.py:1380} INFO - Executing <Task(BashOperator): extract_facebook_data> on 2025-07-07 20:37:36.499581+00:00
[2025-07-07T20:40:13.504+0000] {standard_task_runner.py:57} INFO - Started process 243 to run task
[2025-07-07T20:40:13.528+0000] {standard_task_runner.py:84} INFO - Running: ['***', 'tasks', 'run', 'axone_fb_etl_pipeline', 'extract_facebook_data', 'manual__2025-07-07T20:37:36.499581+00:00', '--job-id', '12', '--raw', '--subdir', 'DAGS_FOLDER/dag.py', '--cfg-path', '/tmp/tmp9z2phh3b']
[2025-07-07T20:40:13.550+0000] {standard_task_runner.py:85} INFO - Job 12: Subtask extract_facebook_data
[2025-07-07T20:40:13.980+0000] {task_command.py:415} INFO - Running <TaskInstance: axone_fb_etl_pipeline.extract_facebook_data manual__2025-07-07T20:37:36.499581+00:00 [running]> on host c88dda942e9f
[2025-07-07T20:40:14.191+0000] {taskinstance.py:1660} INFO - Exporting env vars: AIRFLOW_CTX_DAG_OWNER='data-team' AIRFLOW_CTX_DAG_ID='axone_fb_etl_pipeline' AIRFLOW_CTX_TASK_ID='extract_facebook_data' AIRFLOW_CTX_EXECUTION_DATE='2025-07-07T20:37:36.499581+00:00' AIRFLOW_CTX_TRY_NUMBER='1' AIRFLOW_CTX_DAG_RUN_ID='manual__2025-07-07T20:37:36.499581+00:00'
[2025-07-07T20:40:14.197+0000] {subprocess.py:63} INFO - Tmp dir root location: /tmp
[2025-07-07T20:40:14.200+0000] {subprocess.py:75} INFO - Running command: ['/bin/bash', '-c', 'cd /host/project && python src/extract.py --query "deces jacques chirac" --num_scrolls 15']
[2025-07-07T20:40:14.236+0000] {subprocess.py:86} INFO - Output:
[2025-07-07T20:40:14.240+0000] {subprocess.py:93} INFO - /bin/bash: line 1: cd: /host/project: No such file or directory
[2025-07-07T20:40:14.241+0000] {subprocess.py:97} INFO - Command exited with return code 1
[2025-07-07T20:40:14.256+0000] {taskinstance.py:1935} ERROR - Task failed with exception
Traceback (most recent call last):
  File "/home/airflow/.local/lib/python3.8/site-packages/airflow/operators/bash.py", line 210, in execute
    raise AirflowException(
airflow.exceptions.AirflowException: Bash command failed. The command returned a non-zero exit code 1.
[2025-07-07T20:40:14.265+0000] {taskinstance.py:1398} INFO - Marking task as UP_FOR_RETRY. dag_id=axone_fb_etl_pipeline, task_id=extract_facebook_data, execution_date=20250707T203736, start_date=20250707T204013, end_date=20250707T204014
[2025-07-07T20:40:14.288+0000] {standard_task_runner.py:104} ERROR - Failed to execute job 12 for task extract_facebook_data (Bash command failed. The command returned a non-zero exit code 1.; 243)
[2025-07-07T20:40:14.340+0000] {local_task_job_runner.py:228} INFO - Task exited with return code 1
[2025-07-07T20:40:14.397+0000] {taskinstance.py:2776} INFO - 0 downstream tasks scheduled from follow-on schedule check
