[2025-07-07T20:23:26.850+0000] {manager.py:487} INFO - Processing files using up to 2 processes at a time 
[2025-07-07T20:23:26.851+0000] {manager.py:488} INFO - Process each file at most once every 30 seconds
[2025-07-07T20:23:26.854+0000] {manager.py:489} INFO - Checking for new files in /opt/airflow/dags every 300 seconds
[2025-07-07T20:23:26.858+0000] {manager.py:759} INFO - Searching for files in /opt/airflow/dags
[2025-07-07T20:23:26.871+0000] {manager.py:762} INFO - There are 0 files in /opt/airflow/dags
[2025-07-07T20:25:34.394+0000] {manager.py:469} INFO - Exiting gracefully upon receiving signal 15
[2025-07-07T20:26:10.866+0000] {manager.py:487} INFO - Processing files using up to 2 processes at a time 
[2025-07-07T20:26:10.871+0000] {manager.py:488} INFO - Process each file at most once every 30 seconds
[2025-07-07T20:26:10.872+0000] {manager.py:489} INFO - Checking for new files in /opt/airflow/dags every 300 seconds
[2025-07-07T20:26:10.873+0000] {manager.py:759} INFO - Searching for files in /opt/airflow/dags
[2025-07-07T20:26:10.877+0000] {manager.py:762} INFO - There are 1 files in /opt/airflow/dags
[2025-07-07T20:26:11.065+0000] {manager.py:893} INFO - 
================================================================================
DAG File Processing Stats

File Path                   PID  Runtime      # DAGs    # Errors  Last Runtime    Last Run
------------------------  -----  ---------  --------  ----------  --------------  ----------
/opt/airflow/dags/dag.py    167  0.09s             0           0
================================================================================
[2025-07-07T20:26:41.330+0000] {manager.py:893} INFO - 
================================================================================
DAG File Processing Stats

File Path                   PID  Runtime      # DAGs    # Errors  Last Runtime    Last Run
------------------------  -----  ---------  --------  ----------  --------------  -------------------
/opt/airflow/dags/dag.py    172  0.03s             1           0  0.22s           2025-07-07T20:26:11
================================================================================
[2025-07-07T20:27:12.085+0000] {manager.py:893} INFO - 
================================================================================
DAG File Processing Stats

File Path                   PID  Runtime      # DAGs    # Errors  Last Runtime    Last Run
------------------------  -----  ---------  --------  ----------  --------------  -------------------
/opt/airflow/dags/dag.py    181  0.03s             1           0  0.19s           2025-07-07T20:26:41
================================================================================
[2025-07-07T20:27:42.443+0000] {manager.py:893} INFO - 
================================================================================
DAG File Processing Stats

File Path                   PID  Runtime      # DAGs    # Errors  Last Runtime    Last Run
------------------------  -----  ---------  --------  ----------  --------------  -------------------
/opt/airflow/dags/dag.py    186  0.04s             1           0  0.32s           2025-07-07T20:27:12
================================================================================
[2025-07-07T20:28:12.851+0000] {manager.py:893} INFO - 
================================================================================
DAG File Processing Stats

File Path                 PID    Runtime      # DAGs    # Errors  Last Runtime    Last Run
------------------------  -----  ---------  --------  ----------  --------------  -------------------
/opt/airflow/dags/dag.py                           1           0  0.49s           2025-07-07T20:27:42
================================================================================
[2025-07-07T20:28:43.075+0000] {manager.py:893} INFO - 
================================================================================
DAG File Processing Stats

File Path                 PID    Runtime      # DAGs    # Errors  Last Runtime    Last Run
------------------------  -----  ---------  --------  ----------  --------------  -------------------
/opt/airflow/dags/dag.py                           1           0  0.63s           2025-07-07T20:28:13
================================================================================
[2025-07-07T20:29:13.083+0000] {manager.py:893} INFO - 
================================================================================
DAG File Processing Stats

File Path                 PID    Runtime      # DAGs    # Errors  Last Runtime    Last Run
------------------------  -----  ---------  --------  ----------  --------------  -------------------
/opt/airflow/dags/dag.py                           1           0  0.51s           2025-07-07T20:28:44
================================================================================
[2025-07-07T20:29:43.725+0000] {manager.py:893} INFO - 
================================================================================
DAG File Processing Stats

File Path                 PID    Runtime      # DAGs    # Errors  Last Runtime    Last Run
------------------------  -----  ---------  --------  ----------  --------------  -------------------
/opt/airflow/dags/dag.py                           1           0  0.91s           2025-07-07T20:29:16
================================================================================
[2025-07-07T20:30:14.106+0000] {manager.py:893} INFO - 
================================================================================
DAG File Processing Stats

File Path                 PID    Runtime      # DAGs    # Errors  Last Runtime    Last Run
------------------------  -----  ---------  --------  ----------  --------------  -------------------
/opt/airflow/dags/dag.py                           1           0  0.21s           2025-07-07T20:29:46
================================================================================
[2025-07-07T20:30:44.572+0000] {manager.py:893} INFO - 
================================================================================
DAG File Processing Stats

File Path                 PID    Runtime      # DAGs    # Errors  Last Runtime    Last Run
------------------------  -----  ---------  --------  ----------  --------------  -------------------
/opt/airflow/dags/dag.py                           1           0  0.19s           2025-07-07T20:30:17
================================================================================
[2025-07-07T20:31:11.078+0000] {manager.py:759} INFO - Searching for files in /opt/airflow/dags
[2025-07-07T20:31:11.091+0000] {manager.py:762} INFO - There are 1 files in /opt/airflow/dags
[2025-07-07T20:31:15.275+0000] {manager.py:893} INFO - 
================================================================================
DAG File Processing Stats

File Path                 PID    Runtime      # DAGs    # Errors  Last Runtime    Last Run
------------------------  -----  ---------  --------  ----------  --------------  -------------------
/opt/airflow/dags/dag.py                           1           0  0.25s           2025-07-07T20:30:47
================================================================================
[2025-07-07T20:31:45.708+0000] {manager.py:893} INFO - 
================================================================================
DAG File Processing Stats

File Path                 PID    Runtime      # DAGs    # Errors  Last Runtime    Last Run
------------------------  -----  ---------  --------  ----------  --------------  -------------------
/opt/airflow/dags/dag.py                           1           0  0.21s           2025-07-07T20:31:18
================================================================================
[2025-07-07T20:32:16.243+0000] {manager.py:893} INFO - 
================================================================================
DAG File Processing Stats

File Path                 PID    Runtime      # DAGs    # Errors  Last Runtime    Last Run
------------------------  -----  ---------  --------  ----------  --------------  -------------------
/opt/airflow/dags/dag.py                           1           0  0.31s           2025-07-07T20:31:49
================================================================================
[2025-07-07T20:32:46.508+0000] {manager.py:893} INFO - 
================================================================================
DAG File Processing Stats

File Path                 PID    Runtime      # DAGs    # Errors  Last Runtime    Last Run
------------------------  -----  ---------  --------  ----------  --------------  -------------------
/opt/airflow/dags/dag.py                           1           0  0.17s           2025-07-07T20:32:19
================================================================================
[2025-07-07T20:33:16.908+0000] {manager.py:893} INFO - 
================================================================================
DAG File Processing Stats

File Path                 PID    Runtime      # DAGs    # Errors  Last Runtime    Last Run
------------------------  -----  ---------  --------  ----------  --------------  -------------------
/opt/airflow/dags/dag.py                           1           0  0.18s           2025-07-07T20:32:49
================================================================================
[2025-07-07T20:33:47.306+0000] {manager.py:893} INFO - 
================================================================================
DAG File Processing Stats

File Path                 PID    Runtime      # DAGs    # Errors  Last Runtime    Last Run
------------------------  -----  ---------  --------  ----------  --------------  -------------------
/opt/airflow/dags/dag.py                           1           0  0.46s           2025-07-07T20:33:20
================================================================================
[2025-07-07T20:34:17.436+0000] {manager.py:893} INFO - 
================================================================================
DAG File Processing Stats

File Path                 PID    Runtime      # DAGs    # Errors  Last Runtime    Last Run
------------------------  -----  ---------  --------  ----------  --------------  -------------------
/opt/airflow/dags/dag.py                           1           0  0.40s           2025-07-07T20:34:13
================================================================================
[2025-07-07T20:34:18.365+0000] {manager.py:469} INFO - Exiting gracefully upon receiving signal 15
[2025-07-07T20:34:55.999+0000] {manager.py:487} INFO - Processing files using up to 2 processes at a time 
[2025-07-07T20:34:56.000+0000] {manager.py:488} INFO - Process each file at most once every 30 seconds
[2025-07-07T20:34:56.001+0000] {manager.py:489} INFO - Checking for new files in /opt/airflow/dags every 300 seconds
[2025-07-07T20:34:56.001+0000] {manager.py:759} INFO - Searching for files in /opt/airflow/dags
[2025-07-07T20:34:56.010+0000] {manager.py:762} INFO - There are 1 files in /opt/airflow/dags
[2025-07-07T20:34:56.237+0000] {manager.py:893} INFO - 
================================================================================
DAG File Processing Stats

File Path                   PID  Runtime      # DAGs    # Errors  Last Runtime    Last Run
------------------------  -----  ---------  --------  ----------  --------------  ----------
/opt/airflow/dags/dag.py    166  0.12s             0           0
================================================================================
[2025-07-07T20:35:26.573+0000] {manager.py:893} INFO - 
================================================================================
DAG File Processing Stats

File Path                   PID  Runtime      # DAGs    # Errors  Last Runtime    Last Run
------------------------  -----  ---------  --------  ----------  --------------  -------------------
/opt/airflow/dags/dag.py    172  0.01s             1           0  0.25s           2025-07-07T20:34:56
================================================================================
[2025-07-07T20:35:56.820+0000] {manager.py:893} INFO - 
================================================================================
DAG File Processing Stats

File Path                   PID  Runtime      # DAGs    # Errors  Last Runtime    Last Run
------------------------  -----  ---------  --------  ----------  --------------  -------------------
/opt/airflow/dags/dag.py    177  0.02s             1           0  0.16s           2025-07-07T20:35:26
================================================================================
[2025-07-07T20:36:27.171+0000] {manager.py:893} INFO - 
================================================================================
DAG File Processing Stats

File Path                 PID    Runtime      # DAGs    # Errors  Last Runtime    Last Run
------------------------  -----  ---------  --------  ----------  --------------  -------------------
/opt/airflow/dags/dag.py                           1           0  0.45s           2025-07-07T20:35:57
================================================================================
[2025-07-07T20:36:57.426+0000] {manager.py:893} INFO - 
================================================================================
DAG File Processing Stats

File Path                 PID    Runtime      # DAGs    # Errors  Last Runtime    Last Run
------------------------  -----  ---------  --------  ----------  --------------  -------------------
/opt/airflow/dags/dag.py                           1           0  0.63s           2025-07-07T20:36:28
================================================================================
[2025-07-07T20:37:28.362+0000] {manager.py:893} INFO - 
================================================================================
DAG File Processing Stats

File Path                 PID    Runtime      # DAGs    # Errors  Last Runtime    Last Run
------------------------  -----  ---------  --------  ----------  --------------  -------------------
/opt/airflow/dags/dag.py                           1           0  0.63s           2025-07-07T20:36:59
================================================================================
[2025-07-07T20:37:58.727+0000] {manager.py:893} INFO - 
================================================================================
DAG File Processing Stats

File Path                 PID    Runtime      # DAGs    # Errors  Last Runtime    Last Run
------------------------  -----  ---------  --------  ----------  --------------  -------------------
/opt/airflow/dags/dag.py                           1           0  0.54s           2025-07-07T20:37:29
================================================================================
[2025-07-07T20:38:29.049+0000] {manager.py:893} INFO - 
================================================================================
DAG File Processing Stats

File Path                 PID    Runtime      # DAGs    # Errors  Last Runtime    Last Run
------------------------  -----  ---------  --------  ----------  --------------  -------------------
/opt/airflow/dags/dag.py                           1           0  0.26s           2025-07-07T20:38:00
================================================================================
[2025-07-07T20:38:59.387+0000] {manager.py:893} INFO - 
================================================================================
DAG File Processing Stats

File Path                 PID    Runtime      # DAGs    # Errors  Last Runtime    Last Run
------------------------  -----  ---------  --------  ----------  --------------  -------------------
/opt/airflow/dags/dag.py                           1           0  0.17s           2025-07-07T20:38:31
================================================================================
[2025-07-07T20:39:29.728+0000] {manager.py:893} INFO - 
================================================================================
DAG File Processing Stats

File Path                 PID    Runtime      # DAGs    # Errors  Last Runtime    Last Run
------------------------  -----  ---------  --------  ----------  --------------  -------------------
/opt/airflow/dags/dag.py                           1           0  0.31s           2025-07-07T20:39:01
================================================================================
[2025-07-07T20:39:56.201+0000] {manager.py:759} INFO - Searching for files in /opt/airflow/dags
[2025-07-07T20:39:56.208+0000] {manager.py:762} INFO - There are 1 files in /opt/airflow/dags
[2025-07-07T20:40:00.269+0000] {manager.py:893} INFO - 
================================================================================
DAG File Processing Stats

File Path                 PID    Runtime      # DAGs    # Errors  Last Runtime    Last Run
------------------------  -----  ---------  --------  ----------  --------------  -------------------
/opt/airflow/dags/dag.py                           1           0  0.34s           2025-07-07T20:39:32
================================================================================
[2025-07-07T20:41:31.362+0000] {manager.py:487} INFO - Processing files using up to 2 processes at a time 
[2025-07-07T20:41:31.363+0000] {manager.py:488} INFO - Process each file at most once every 30 seconds
[2025-07-07T20:41:31.364+0000] {manager.py:489} INFO - Checking for new files in /opt/airflow/dags every 300 seconds
[2025-07-07T20:41:31.366+0000] {manager.py:759} INFO - Searching for files in /opt/airflow/dags
[2025-07-07T20:41:31.427+0000] {manager.py:762} INFO - There are 1 files in /opt/airflow/dags
[2025-07-07T20:41:31.973+0000] {manager.py:893} INFO - 
================================================================================
DAG File Processing Stats

File Path                   PID  Runtime      # DAGs    # Errors  Last Runtime    Last Run
------------------------  -----  ---------  --------  ----------  --------------  ----------
/opt/airflow/dags/dag.py    166  0.21s             0           0
================================================================================
[2025-07-07T20:42:02.582+0000] {manager.py:893} INFO - 
================================================================================
DAG File Processing Stats

File Path                   PID  Runtime      # DAGs    # Errors  Last Runtime    Last Run
------------------------  -----  ---------  --------  ----------  --------------  -------------------
/opt/airflow/dags/dag.py    172  0.06s             1           0  0.68s           2025-07-07T20:41:32
================================================================================
[2025-07-07T20:42:33.184+0000] {manager.py:893} INFO - 
================================================================================
DAG File Processing Stats

File Path                   PID  Runtime      # DAGs    # Errors  Last Runtime    Last Run
------------------------  -----  ---------  --------  ----------  --------------  -------------------
/opt/airflow/dags/dag.py    178  0.05s             1           0  0.37s           2025-07-07T20:42:02
================================================================================
[2025-07-07T20:43:03.740+0000] {manager.py:893} INFO - 
================================================================================
DAG File Processing Stats

File Path                   PID  Runtime      # DAGs    # Errors  Last Runtime    Last Run
------------------------  -----  ---------  --------  ----------  --------------  -------------------
/opt/airflow/dags/dag.py    185  0.03s             1           0  0.46s           2025-07-07T20:42:33
================================================================================
[2025-07-07T20:43:34.133+0000] {manager.py:893} INFO - 
================================================================================
DAG File Processing Stats

File Path                 PID    Runtime      # DAGs    # Errors  Last Runtime    Last Run
------------------------  -----  ---------  --------  ----------  --------------  -------------------
/opt/airflow/dags/dag.py                           1           0  0.60s           2025-07-07T20:43:04
================================================================================
